<?xml version="1.0" encoding="UTF-8"?>
<testng-results ignored="0" total="5" passed="5" failed="0" skipped="0">
  <reporter-output>
  </reporter-output>
  <suite started-at="2026-03-31T18:21:02 GMT+07:00" name="AutomationSuite" finished-at="2026-03-31T18:21:26 GMT+07:00" duration-ms="24634">
    <groups>
      <group name="regression">
        <method signature="LoginTest.testLoginFail()[pri:0, instance:com.example.baitap2.LoginTest@75f9eccc]" name="testLoginFail" class="com.example.baitap2.LoginTest"/>
        <method signature="LoginTest.testLoginSuccess()[pri:0, instance:com.example.baitap2.LoginTest@75f9eccc]" name="testLoginSuccess" class="com.example.baitap2.LoginTest"/>
        <method signature="CheckoutTest.testCancelCheckout()[pri:0, instance:com.example.baitap2.CheckoutTest@a4102b8]" name="testCancelCheckout" class="com.example.baitap2.CheckoutTest"/>
        <method signature="CheckoutTest.testCheckout()[pri:0, instance:com.example.baitap2.CheckoutTest@a4102b8]" name="testCheckout" class="com.example.baitap2.CheckoutTest"/>
      </group> <!-- regression -->
      <group name="smoke">
        <method signature="LoginTest.testLoginSuccess()[pri:0, instance:com.example.baitap2.LoginTest@75f9eccc]" name="testLoginSuccess" class="com.example.baitap2.LoginTest"/>
        <method signature="CheckoutTest.testCheckout()[pri:0, instance:com.example.baitap2.CheckoutTest@a4102b8]" name="testCheckout" class="com.example.baitap2.CheckoutTest"/>
      </group> <!-- smoke -->
    </groups>
    <test started-at="2026-03-31T18:21:02 GMT+07:00" name="LoginTest" finished-at="2026-03-31T18:21:19 GMT+07:00" duration-ms="17189">
      <class name="com.example.baitap2.LoginTest">
        <test-method is-config="true" signature="setup()[pri:0, instance:com.example.baitap2.LoginTest@75f9eccc]" started-at="2026-03-31T18:21:02 GMT+07:00" name="setup" finished-at="2026-03-31T18:21:06 GMT+07:00" duration-ms="4197" status="PASS">
          <reporter-output>
          </reporter-output>
        </test-method> <!-- setup -->
        <test-method signature="testLoginFail()[pri:0, instance:com.example.baitap2.LoginTest@75f9eccc]" started-at="2026-03-31T18:21:06 GMT+07:00" name="testLoginFail" finished-at="2026-03-31T18:21:11 GMT+07:00" duration-ms="5017" status="PASS">
          <reporter-output>
          </reporter-output>
        </test-method> <!-- testLoginFail -->
        <test-method is-config="true" signature="tearDown()[pri:0, instance:com.example.baitap2.LoginTest@75f9eccc]" started-at="2026-03-31T18:21:11 GMT+07:00" name="tearDown" finished-at="2026-03-31T18:21:11 GMT+07:00" duration-ms="387" status="PASS">
          <reporter-output>
          </reporter-output>
        </test-method> <!-- tearDown -->
        <test-method is-config="true" signature="setup()[pri:0, instance:com.example.baitap2.LoginTest@75f9eccc]" started-at="2026-03-31T18:21:11 GMT+07:00" name="setup" finished-at="2026-03-31T18:21:13 GMT+07:00" duration-ms="2228" status="PASS">
          <reporter-output>
          </reporter-output>
        </test-method> <!-- setup -->
        <test-method signature="testLoginSuccess()[pri:0, instance:com.example.baitap2.LoginTest@75f9eccc]" started-at="2026-03-31T18:21:13 GMT+07:00" name="testLoginSuccess" finished-at="2026-03-31T18:21:18 GMT+07:00" duration-ms="5014" status="PASS">
          <reporter-output>
          </reporter-output>
        </test-method> <!-- testLoginSuccess -->
        <test-method is-config="true" signature="tearDown()[pri:0, instance:com.example.baitap2.LoginTest@75f9eccc]" started-at="2026-03-31T18:21:18 GMT+07:00" name="tearDown" finished-at="2026-03-31T18:21:19 GMT+07:00" duration-ms="295" status="PASS">
          <reporter-output>
          </reporter-output>
        </test-method> <!-- tearDown -->
      </class> <!-- com.example.baitap2.LoginTest -->
    </test> <!-- LoginTest -->
    <test started-at="2026-03-31T18:21:19 GMT+07:00" name="CartTest" finished-at="2026-03-31T18:21:26 GMT+07:00" duration-ms="7410">
      <class name="com.example.baitap2.CartTest">
        <test-method is-config="true" signature="setup()[pri:0, instance:com.example.baitap2.CartTest@19d37183]" started-at="2026-03-31T18:21:19 GMT+07:00" name="setup" finished-at="2026-03-31T18:21:21 GMT+07:00" duration-ms="2044" status="PASS">
          <reporter-output>
          </reporter-output>
        </test-method> <!-- setup -->
        <test-method signature="testAddToCart()[pri:0, instance:com.example.baitap2.CartTest@19d37183]" started-at="2026-03-31T18:21:21 GMT+07:00" name="testAddToCart" finished-at="2026-03-31T18:21:26 GMT+07:00" duration-ms="5004" status="PASS">
          <reporter-output>
          </reporter-output>
        </test-method> <!-- testAddToCart -->
        <test-method is-config="true" signature="tearDown()[pri:0, instance:com.example.baitap2.CartTest@19d37183]" started-at="2026-03-31T18:21:26 GMT+07:00" name="tearDown" finished-at="2026-03-31T18:21:26 GMT+07:00" duration-ms="358" status="PASS">
          <reporter-output>
          </reporter-output>
        </test-method> <!-- tearDown -->
      </class> <!-- com.example.baitap2.CartTest -->
    </test> <!-- CartTest -->
    <test started-at="2026-03-31T18:21:26 GMT+07:00" name="CheckoutTest" finished-at="2026-03-31T18:21:26 GMT+07:00" duration-ms="7">
      <class name="com.example.baitap2.CheckoutTest">
        <test-method signature="testCancelCheckout()[pri:0, instance:com.example.baitap2.CheckoutTest@a4102b8]" started-at="2026-03-31T18:21:26 GMT+07:00" name="testCancelCheckout" finished-at="2026-03-31T18:21:26 GMT+07:00" duration-ms="0" status="PASS">
          <reporter-output>
          </reporter-output>
        </test-method> <!-- testCancelCheckout -->
        <test-method signature="testCheckout()[pri:0, instance:com.example.baitap2.CheckoutTest@a4102b8]" started-at="2026-03-31T18:21:26 GMT+07:00" name="testCheckout" finished-at="2026-03-31T18:21:26 GMT+07:00" duration-ms="1" status="PASS">
          <reporter-output>
          </reporter-output>
        </test-method> <!-- testCheckout -->
      </class> <!-- com.example.baitap2.CheckoutTest -->
    </test> <!-- CheckoutTest -->
  </suite> <!-- AutomationSuite -->
</testng-results>
