<?xml version="1.0" encoding="UTF-8"?>
<testsuite xmlns:xsi="http://www.w3.org/2001/XMLSchema-instance" xsi:noNamespaceSchemaLocation="https://maven.apache.org/surefire/maven-surefire-plugin/xsd/surefire-test-report.xsd" name="TestSuite" time="25.295" tests="5" errors="0" skipped="0" failures="0">
  <properties>
[...]
</properties>
  <testcase name="testLoginFail" classname="com.example.baitap2.LoginTest" time="5.019"/>
  <testcase name="testLoginSuccess" classname="com.example.baitap2.LoginTest" time="5.013"/>
  <testcase name="testAddToCart" classname="com.example.baitap2.CartTest" time="5.004"/>
  <testcase name="testCancelCheckout" classname="com.example.baitap2.CheckoutTest" time="0.002"/>
  <testcase name="testCheckout" classname="com.example.baitap2.CheckoutTest" time="0.004"/>
</testsuite>