<?xml version="1.0" encoding="UTF-8"?>
<!-- Generated by org.testng.reporters.JUnitReportReporter -->
<testsuite hostname="rtuss" failures="0" tests="2" name="com.example.baitap2.CheckoutTest" time="0.001" errors="0" timestamp="2026-03-31T18:21:26 GMT+07:00" skipped="0">
  <testcase classname="com.example.baitap2.CheckoutTest" name="testCheckout" time="0.001"/>
  <testcase classname="com.example.baitap2.CheckoutTest" name="testCancelCheckout" time="0.000"/>
</testsuite> <!-- com.example.baitap2.CheckoutTest -->
