<?xml version="1.0" encoding="UTF-8"?>
<!-- Generated by org.testng.reporters.JUnitReportReporter -->
<testsuite hostname="rtuss" failures="0" tests="2" name="com.example.baitap2.LoginTest" time="17.138" errors="0" timestamp="2026-03-31T18:21:26 GMT+07:00" skipped="0">
  <testcase classname="com.example.baitap2.LoginTest" name="testLoginSuccess" time="7.537"/>
  <testcase classname="com.example.baitap2.LoginTest" name="testLoginFail" time="9.601"/>
</testsuite> <!-- com.example.baitap2.LoginTest -->
